<?xml version="1.0" encoding="UTF-8"?>
<!-- Generated by org.testng.reporters.JUnitXMLReporter -->
<testsuite hostname="USER-PC" name="Sanity Tests" tests="2" failures="0" timestamp="4 May 2016 08:57:15 GMT" time="146.654" errors="0">
  <testcase name="Clicking_PrimaryNav_AllLinks" time="41.482" classname="com.selenium.web.sanity.ATnTHomeTest">
    <skipped/>
  </testcase> <!-- Clicking_PrimaryNav_AllLinks -->
  <testcase name="Clicking_PrimaryNav_AllLinks" time="40.795" classname="com.selenium.web.sanity.ATnTHomeTest">
    <failure type="java.lang.AssertionError" message="test case one failed verifying home page links expected [true] but found [false]">
      <![CDATA[java.lang.AssertionError: test case one failed verifying home page links expected [true] but found [false]
	at com.selenium.web.sanity.ATnTHomeTest.Clicking_PrimaryNav_AllLinks(ATnTHomeTest.java:56)
	at java.util.concurrent.Executors$RunnableAdapter.call(Unknown Source)
	at java.util.concurrent.FutureTask.run(Unknown Source)
	at java.util.concurrent.ThreadPoolExecutor.runWorker(Unknown Source)
	at java.util.concurrent.ThreadPoolExecutor$Worker.run(Unknown Source)
	at java.lang.Thread.run(Unknown Source)
... Removed 10 stack frames]]>
    </failure>
  </testcase> <!-- Clicking_PrimaryNav_AllLinks -->
</testsuite> <!-- Sanity Tests -->
